Aug 15, 2024 9:49:24 PM com.ruzzz.nemo.gui.ControlPanel formWindowClosing
WARNING: SYSTEM CLOSE LOG UPDATE ERROR; Error: java.sql.SQLIntegrityConstraintViolationException: Cannot add or update a child row: a foreign key constraint fails (`saloon_nemo`.`log_record`, CONSTRAINT `fk_log_record_employee1` FOREIGN KEY (`employee_user_id`) REFERENCES `employee` (`user_id`))
Aug 15, 2024 9:52:09 PM com.ruzzz.nemo.panel.CustomerPanel <init>
WARNING: LOGGED USER DATA LOADING Exception; Error: java.lang.NullPointerException: Cannot invoke "String.equals(Object)" because the return value of "com.ruzzz.nemo.model.LoggedUserData.getUserRole()" is null
Aug 15, 2024 9:52:10 PM com.ruzzz.nemo.panel.CustomerPanel <init>
WARNING: LOGGED USER DATA LOADING Exception; Error: java.lang.NullPointerException: Cannot invoke "String.equals(Object)" because the return value of "com.ruzzz.nemo.model.LoggedUserData.getUserRole()" is null
Aug 15, 2024 9:52:16 PM com.ruzzz.nemo.panel.IncomePanel calculateIncomeAndProfitCombo
WARNING: ERROR WHILE CALCULATE IMCOME TOTAL BY COMBOBOXjava.lang.NullPointerException: Cannot invoke "String.trim()" because "in" is null
Aug 15, 2024 9:52:56 PM com.ruzzz.nemo.panel.IncomePanel calculateIncomeAndProfitCombo
WARNING: ERROR WHILE CALCULATE IMCOME TOTAL BY COMBOBOXjava.lang.NullPointerException: Cannot invoke "String.trim()" because "in" is null
Aug 15, 2024 9:53:07 PM com.ruzzz.nemo.panel.IncomePanel jButton9ActionPerformed
WARNING: TABLE EXPORT TO PDF ; Error: java.lang.NullPointerException: Cannot invoke "java.util.Date.toString()" because the return value of "com.toedter.calendar.JDateChooser.getDate()" is null
Aug 15, 2024 9:54:45 PM com.ruzzz.nemo.gui.ControlPanel formWindowClosing
WARNING: SYSTEM CLOSE LOG UPDATE ERROR; Error: java.sql.SQLIntegrityConstraintViolationException: Cannot add or update a child row: a foreign key constraint fails (`saloon_nemo`.`log_record`, CONSTRAINT `fk_log_record_employee1` FOREIGN KEY (`employee_user_id`) REFERENCES `employee` (`user_id`))
Aug 15, 2024 9:55:39 PM com.ruzzz.nemo.panel.CustomerPanel <init>
WARNING: LOGGED USER DATA LOADING Exception; Error: java.lang.NullPointerException: Cannot invoke "String.equals(Object)" because the return value of "com.ruzzz.nemo.model.LoggedUserData.getUserRole()" is null
Aug 15, 2024 9:55:40 PM com.ruzzz.nemo.panel.CustomerPanel <init>
WARNING: LOGGED USER DATA LOADING Exception; Error: java.lang.NullPointerException: Cannot invoke "String.equals(Object)" because the return value of "com.ruzzz.nemo.model.LoggedUserData.getUserRole()" is null
Aug 15, 2024 9:55:43 PM com.ruzzz.nemo.panel.IncomePanel calculateIncomeAndProfitCombo
WARNING: ERROR WHILE CALCULATE IMCOME TOTAL BY COMBOBOXjava.lang.NullPointerException: Cannot invoke "String.trim()" because "in" is null
Aug 15, 2024 9:56:39 PM com.ruzzz.nemo.gui.ControlPanel formWindowClosing
WARNING: SYSTEM CLOSE LOG UPDATE ERROR; Error: java.sql.SQLIntegrityConstraintViolationException: Cannot add or update a child row: a foreign key constraint fails (`saloon_nemo`.`log_record`, CONSTRAINT `fk_log_record_employee1` FOREIGN KEY (`employee_user_id`) REFERENCES `employee` (`user_id`))
Aug 15, 2024 9:57:23 PM com.ruzzz.nemo.panel.CustomerPanel <init>
WARNING: LOGGED USER DATA LOADING Exception; Error: java.lang.NullPointerException: Cannot invoke "String.equals(Object)" because the return value of "com.ruzzz.nemo.model.LoggedUserData.getUserRole()" is null
Aug 15, 2024 9:57:25 PM com.ruzzz.nemo.panel.CustomerPanel <init>
WARNING: LOGGED USER DATA LOADING Exception; Error: java.lang.NullPointerException: Cannot invoke "String.equals(Object)" because the return value of "com.ruzzz.nemo.model.LoggedUserData.getUserRole()" is null
Aug 15, 2024 9:57:29 PM com.ruzzz.nemo.panel.IncomePanel calculateIncomeAndProfitCombo
WARNING: ERROR WHILE CALCULATE IMCOME TOTAL BY COMBOBOXjava.lang.NullPointerException: Cannot invoke "String.trim()" because "in" is null
Aug 15, 2024 10:05:36 PM com.ruzzz.nemo.gui.ControlPanel formWindowClosing
WARNING: SYSTEM CLOSE LOG UPDATE ERROR; Error: java.sql.SQLIntegrityConstraintViolationException: Cannot add or update a child row: a foreign key constraint fails (`saloon_nemo`.`log_record`, CONSTRAINT `fk_log_record_employee1` FOREIGN KEY (`employee_user_id`) REFERENCES `employee` (`user_id`))
