Jul 25, 2024 1:36:10 PM com.ruzzz.nemo.gui.ControlPanel jButton3ActionPerformed
INFO: SYSTEM CLOSED by Name:null null
Jul 25, 2024 1:37:17 PM com.ruzzz.nemo.gui.ControlPanel formWindowClosing
INFO: SYSTEM CLOSED by Name:null null
Jul 25, 2024 2:14:07 PM com.ruzzz.nemo.gui.SignIn jButton2ActionPerformed
INFO: LOGIN SUCCESS; Name:Thiwian Medagama| Email:thiwainm@gmail.com
Jul 25, 2024 2:15:43 PM com.ruzzz.nemo.panel.ReservationPanel jButton3ActionPerformed
INFO: Reservation(R9626213) Added by Name:Thiwian Medagama
Jul 25, 2024 2:16:57 PM com.ruzzz.nemo.panel.ReservationPanel jButton3ActionPerformed
INFO: Reservation(R6993461) Added by Name:Thiwian Medagama
Jul 25, 2024 2:18:12 PM com.ruzzz.nemo.panel.ReservationPanel jButton3ActionPerformed
INFO: Reservation(R2655452) Added by Name:Thiwian Medagama
Jul 25, 2024 2:19:19 PM com.ruzzz.nemo.panel.ReservationPanel jButton3ActionPerformed
INFO: Reservation(R4298139) Added by Name:Thiwian Medagama
Jul 25, 2024 2:21:49 PM com.ruzzz.nemo.panel.ReservationPanel jButton3ActionPerformed
INFO: Reservation(R9684331) Added by Name:Thiwian Medagama
Jul 25, 2024 2:22:38 PM com.ruzzz.nemo.panel.ReservationPanel jButton3ActionPerformed
INFO: Reservation(R3456810) Added by Name:Thiwian Medagama
Jul 25, 2024 2:23:52 PM com.ruzzz.nemo.panel.ReservationPanel jButton3ActionPerformed
INFO: Reservation(R6393138) Added by Name:Thiwian Medagama
Jul 25, 2024 2:25:45 PM com.ruzzz.nemo.panel.ReservationDeatailDialog jButton4ActionPerformed
INFO: INVOICE EMAIL SENT: --> SENT BYThiwian Medagama
